<?xml version="1.0" encoding="UTF-8"?>
<testsuite xmlns:xsi="http://www.w3.org/2001/XMLSchema-instance" xsi:noNamespaceSchemaLocation="https://maven.apache.org/surefire/maven-surefire-plugin/xsd/surefire-test-report.xsd" name="LeftLeaningRedBlackTreeTest" time="0.022" tests="7" errors="0" skipped="0" failures="0">
  <properties>
[...]
</properties>
  <testcase name="test7_noRedLinkWhenElementsEnteredInOrder" classname="LeftLeaningRedBlackTreeTest" time="0.022"/>
  <testcase name="test1_successfulSearch" classname="LeftLeaningRedBlackTreeTest" time="0"/>
  <testcase name="test5_testFlipColors" classname="LeftLeaningRedBlackTreeTest" time="0"/>
  <testcase name="test3_testLeftRotateFunction" classname="LeftLeaningRedBlackTreeTest" time="0"/>
  <testcase name="test2_uncessfulSearch" classname="LeftLeaningRedBlackTreeTest" time="0"/>
  <testcase name="test4_testRightRotateFunction" classname="LeftLeaningRedBlackTreeTest" time="0"/>
  <testcase name="test6_RedLinkWhenElementsEnteredInRandomOrder" classname="LeftLeaningRedBlackTreeTest" time="0"/>
</testsuite>